<?xml version="1.0" encoding="UTF-8"?>
<coverage generated="1759265651017" clover="3.2.0">
  <project timestamp="1759265651017" name="All files">
    <metrics statements="62" coveredstatements="55" conditionals="21" coveredconditionals="19" methods="12" coveredmethods="10" elements="95" coveredelements="84" complexity="0" loc="62" ncloc="62" packages="1" files="1" classes="1"/>
    <file name="idempotency.ts" path="/home/kevin/Desktop/TicketToken-Platform/backend/services/payment-service/src/middleware/idempotency.ts">
      <metrics statements="62" coveredstatements="55" conditionals="21" coveredconditionals="19" methods="12" coveredmethods="10"/>
      <line num="2" count="2" type="stmt"/>
      <line num="3" count="2" type="stmt"/>
      <line num="9" count="2" type="stmt"/>
      <line num="10" count="22" type="stmt"/>
      <line num="12" count="22" type="stmt"/>
      <line num="13" count="22" type="stmt"/>
      <line num="16" count="22" type="cond" truecount="1" falsecount="0"/>
      <line num="17" count="1" type="stmt"/>
      <line num="25" count="21" type="cond" truecount="1" falsecount="0"/>
      <line num="26" count="1" type="stmt"/>
      <line num="34" count="20" type="stmt"/>
      <line num="36" count="20" type="cond" truecount="1" falsecount="0"/>
      <line num="37" count="1" type="stmt"/>
      <line num="44" count="19" type="cond" truecount="2" falsecount="0"/>
      <line num="45" count="19" type="stmt"/>
      <line num="47" count="19" type="stmt"/>
      <line num="49" count="19" type="stmt"/>
      <line num="51" count="18" type="cond" truecount="1" falsecount="0"/>
      <line num="52" count="2" type="stmt"/>
      <line num="55" count="2" type="cond" truecount="1" falsecount="0"/>
      <line num="56" count="1" type="stmt"/>
      <line num="63" count="1" type="stmt"/>
      <line num="71" count="1" type="stmt"/>
      <line num="78" count="1" type="stmt"/>
      <line num="82" count="16" type="stmt"/>
      <line num="93" count="16" type="stmt"/>
      <line num="94" count="16" type="stmt"/>
      <line num="96" count="16" type="cond" truecount="0" falsecount="1"/>
      <line num="98" count="0" type="stmt"/>
      <line num="99" count="0" type="stmt"/>
      <line num="102" count="16" type="stmt"/>
      <line num="104" count="16" type="stmt"/>
      <line num="105" count="14" type="cond" truecount="1" falsecount="0"/>
      <line num="106" count="13" type="stmt"/>
      <line num="108" count="13" type="stmt"/>
      <line num="111" count="13" type="cond" truecount="4" falsecount="0"/>
      <line num="112" count="6" type="stmt"/>
      <line num="121" count="3" type="stmt"/>
      <line num="125" count="7" type="cond" truecount="2" falsecount="0"/>
      <line num="126" count="3" type="stmt"/>
      <line num="127" count="1" type="stmt"/>
      <line num="131" count="4" type="cond" truecount="3" falsecount="0"/>
      <line num="132" count="3" type="stmt"/>
      <line num="141" count="1" type="stmt"/>
      <line num="147" count="16" type="stmt"/>
      <line num="148" count="10" type="stmt"/>
      <line num="149" count="10" type="cond" truecount="1" falsecount="0"/>
      <line num="150" count="10" type="stmt"/>
      <line num="153" count="0" type="stmt"/>
      <line num="154" count="0" type="cond" truecount="0" falsecount="1"/>
      <line num="155" count="0" type="stmt"/>
      <line num="158" count="10" type="stmt"/>
      <line num="162" count="16" type="cond" truecount="1" falsecount="0"/>
      <line num="163" count="11" type="stmt"/>
      <line num="164" count="4" type="stmt"/>
      <line num="165" count="4" type="stmt"/>
      <line num="167" count="0" type="stmt"/>
      <line num="168" count="0" type="stmt"/>
      <line num="170" count="4" type="stmt"/>
      <line num="174" count="16" type="stmt"/>
      <line num="177" count="1" type="stmt"/>
      <line num="179" count="1" type="stmt"/>
    </file>
  </project>
</coverage>
