{"/home/kevin/Desktop/TicketToken-Platform/backend/services/payment-service/src/middleware/idempotency.ts": {"path":"/home/kevin/Desktop/TicketToken-Platform/backend/services/payment-service/src/middleware/idempotency.ts","statementMap":{"0":{"start":{"line":9,"column":0},"end":{"line":9,"column":16}},"1":{"start":{"line":2,"column":0},"end":{"line":2,"column":56}},"2":{"start":{"line":3,"column":0},"end":{"line":3,"column":42}},"3":{"start":{"line":10,"column":20},"end":{"line":10,"column":27}},"4":{"start":{"line":12,"column":2},"end":{"line":181,"column":4}},"5":{"start":{"line":13,"column":27},"end":{"line":13,"column":67}},"6":{"start":{"line":16,"column":4},"end":{"line":22,"column":5}},"7":{"start":{"line":17,"column":6},"end":{"line":21,"column":9}},"8":{"start":{"line":25,"column":4},"end":{"line":31,"column":5}},"9":{"start":{"line":26,"column":6},"end":{"line":30,"column":9}},"10":{"start":{"line":34,"column":20},"end":{"line":34,"column":40}},"11":{"start":{"line":36,"column":4},"end":{"line":41,"column":5}},"12":{"start":{"line":37,"column":6},"end":{"line":40,"column":9}},"13":{"start":{"line":44,"column":22},"end":{"line":44,"column":58}},"14":{"start":{"line":45,"column":21},"end":{"line":45,"column":74}},"15":{"start":{"line":47,"column":4},"end":{"line":180,"column":5}},"16":{"start":{"line":49,"column":21},"end":{"line":49,"column":53}},"17":{"start":{"line":51,"column":6},"end":{"line":79,"column":7}},"18":{"start":{"line":52,"column":31},"end":{"line":52,"column":49}},"19":{"start":{"line":55,"column":8},"end":{"line":68,"column":9}},"20":{"start":{"line":56,"column":10},"end":{"line":61,"column":13}},"21":{"start":{"line":63,"column":10},"end":{"line":67,"column":13}},"22":{"start":{"line":71,"column":8},"end":{"line":76,"column":11}},"23":{"start":{"line":78,"column":8},"end":{"line":78,"column":79}},"24":{"start":{"line":82,"column":6},"end":{"line":90,"column":8}},"25":{"start":{"line":93,"column":27},"end":{"line":93,"column":46}},"26":{"start":{"line":94,"column":27},"end":{"line":94,"column":46}},"27":{"start":{"line":96,"column":6},"end":{"line":100,"column":7}},"28":{"start":{"line":98,"column":8},"end":{"line":98,"column":74}},"29":{"start":{"line":99,"column":8},"end":{"line":99,"column":22}},"30":{"start":{"line":102,"column":25},"end":{"line":102,"column":30}},"31":{"start":{"line":104,"column":28},"end":{"line":144,"column":7}},"32":{"start":{"line":105,"column":8},"end":{"line":105,"column":33}},"33":{"start":{"line":105,"column":26},"end":{"line":105,"column":33}},"34":{"start":{"line":106,"column":8},"end":{"line":106,"column":28}},"35":{"start":{"line":108,"column":27},"end":{"line":108,"column":41}},"36":{"start":{"line":111,"column":8},"end":{"line":143,"column":9}},"37":{"start":{"line":112,"column":10},"end":{"line":122,"column":13}},"38":{"start":{"line":121,"column":12},"end":{"line":121,"column":90}},"39":{"start":{"line":125,"column":13},"end":{"line":143,"column":9}},"40":{"start":{"line":126,"column":10},"end":{"line":128,"column":13}},"41":{"start":{"line":127,"column":12},"end":{"line":127,"column":94}},"42":{"start":{"line":131,"column":13},"end":{"line":143,"column":9}},"43":{"start":{"line":132,"column":10},"end":{"line":142,"column":13}},"44":{"start":{"line":141,"column":12},"end":{"line":141,"column":85}},"45":{"start":{"line":147,"column":6},"end":{"line":159,"column":8}},"46":{"start":{"line":148,"column":8},"end":{"line":157,"column":11}},"47":{"start":{"line":149,"column":10},"end":{"line":151,"column":11}},"48":{"start":{"line":150,"column":12},"end":{"line":150,"column":31}},"49":{"start":{"line":153,"column":10},"end":{"line":153,"column":58}},"50":{"start":{"line":154,"column":10},"end":{"line":156,"column":11}},"51":{"start":{"line":155,"column":12},"end":{"line":155,"column":31}},"52":{"start":{"line":158,"column":8},"end":{"line":158,"column":19}},"53":{"start":{"line":162,"column":6},"end":{"line":172,"column":7}},"54":{"start":{"line":163,"column":8},"end":{"line":171,"column":10}},"55":{"start":{"line":164,"column":10},"end":{"line":169,"column":13}},"56":{"start":{"line":165,"column":12},"end":{"line":165,"column":31}},"57":{"start":{"line":167,"column":12},"end":{"line":167,"column":60}},"58":{"start":{"line":168,"column":12},"end":{"line":168,"column":31}},"59":{"start":{"line":170,"column":10},"end":{"line":170,"column":21}},"60":{"start":{"line":174,"column":6},"end":{"line":174,"column":13}},"61":{"start":{"line":177,"column":6},"end":{"line":177,"column":77}},"62":{"start":{"line":179,"column":6},"end":{"line":179,"column":13}}},"fnMap":{"0":{"name":"idempotencyMiddleware","decl":{"start":{"line":9,"column":16},"end":{"line":9,"column":37}},"loc":{"start":{"line":9,"column":65},"end":{"line":182,"column":1}}},"1":{"name":"(anonymous_1)","decl":{"start":{"line":12,"column":9},"end":{"line":12,"column":14}},"loc":{"start":{"line":12,"column":67},"end":{"line":181,"column":3}}},"2":{"name":"(anonymous_2)","decl":{"start":{"line":104,"column":28},"end":{"line":104,"column":33}},"loc":{"start":{"line":104,"column":48},"end":{"line":144,"column":7}}},"3":{"name":"(anonymous_3)","decl":{"start":{"line":120,"column":18},"end":{"line":120,"column":21}},"loc":{"start":{"line":120,"column":24},"end":{"line":122,"column":11}}},"4":{"name":"(anonymous_4)","decl":{"start":{"line":126,"column":49},"end":{"line":126,"column":52}},"loc":{"start":{"line":126,"column":55},"end":{"line":128,"column":11}}},"5":{"name":"(anonymous_5)","decl":{"start":{"line":140,"column":18},"end":{"line":140,"column":21}},"loc":{"start":{"line":140,"column":24},"end":{"line":142,"column":11}}},"6":{"name":"(anonymous_6)","decl":{"start":{"line":147,"column":17},"end":{"line":147,"column":26}},"loc":{"start":{"line":147,"column":35},"end":{"line":159,"column":7}}},"7":{"name":"(anonymous_7)","decl":{"start":{"line":148,"column":33},"end":{"line":148,"column":36}},"loc":{"start":{"line":148,"column":38},"end":{"line":152,"column":9}}},"8":{"name":"(anonymous_8)","decl":{"start":{"line":152,"column":17},"end":{"line":152,"column":20}},"loc":{"start":{"line":152,"column":23},"end":{"line":157,"column":9}}},"9":{"name":"(anonymous_9)","decl":{"start":{"line":163,"column":19},"end":{"line":163,"column":28}},"loc":{"start":{"line":163,"column":37},"end":{"line":171,"column":9}}},"10":{"name":"(anonymous_10)","decl":{"start":{"line":164,"column":35},"end":{"line":164,"column":38}},"loc":{"start":{"line":164,"column":40},"end":{"line":166,"column":11}}},"11":{"name":"(anonymous_11)","decl":{"start":{"line":166,"column":19},"end":{"line":166,"column":22}},"loc":{"start":{"line":166,"column":25},"end":{"line":169,"column":11}}}},"branchMap":{"0":{"loc":{"start":{"line":16,"column":4},"end":{"line":22,"column":5}},"type":"if","locations":[{"start":{"line":16,"column":4},"end":{"line":22,"column":5}}]},"1":{"loc":{"start":{"line":25,"column":4},"end":{"line":31,"column":5}},"type":"if","locations":[{"start":{"line":25,"column":4},"end":{"line":31,"column":5}}]},"2":{"loc":{"start":{"line":36,"column":4},"end":{"line":41,"column":5}},"type":"if","locations":[{"start":{"line":36,"column":4},"end":{"line":41,"column":5}}]},"3":{"loc":{"start":{"line":44,"column":22},"end":{"line":44,"column":58}},"type":"binary-expr","locations":[{"start":{"line":44,"column":22},"end":{"line":44,"column":48}},{"start":{"line":44,"column":52},"end":{"line":44,"column":58}}]},"4":{"loc":{"start":{"line":51,"column":6},"end":{"line":79,"column":7}},"type":"if","locations":[{"start":{"line":51,"column":6},"end":{"line":79,"column":7}}]},"5":{"loc":{"start":{"line":55,"column":8},"end":{"line":68,"column":9}},"type":"if","locations":[{"start":{"line":55,"column":8},"end":{"line":68,"column":9}}]},"6":{"loc":{"start":{"line":96,"column":6},"end":{"line":100,"column":7}},"type":"if","locations":[{"start":{"line":96,"column":6},"end":{"line":100,"column":7}}]},"7":{"loc":{"start":{"line":105,"column":8},"end":{"line":105,"column":33}},"type":"if","locations":[{"start":{"line":105,"column":8},"end":{"line":105,"column":33}}]},"8":{"loc":{"start":{"line":111,"column":8},"end":{"line":143,"column":9}},"type":"if","locations":[{"start":{"line":111,"column":8},"end":{"line":143,"column":9}},{"start":{"line":125,"column":13},"end":{"line":143,"column":9}}]},"9":{"loc":{"start":{"line":111,"column":12},"end":{"line":111,"column":49}},"type":"binary-expr","locations":[{"start":{"line":111,"column":12},"end":{"line":111,"column":29}},{"start":{"line":111,"column":33},"end":{"line":111,"column":49}}]},"10":{"loc":{"start":{"line":125,"column":13},"end":{"line":143,"column":9}},"type":"if","locations":[{"start":{"line":125,"column":13},"end":{"line":143,"column":9}},{"start":{"line":131,"column":13},"end":{"line":143,"column":9}}]},"11":{"loc":{"start":{"line":131,"column":13},"end":{"line":143,"column":9}},"type":"if","locations":[{"start":{"line":131,"column":13},"end":{"line":143,"column":9}}]},"12":{"loc":{"start":{"line":131,"column":17},"end":{"line":131,"column":54}},"type":"binary-expr","locations":[{"start":{"line":131,"column":17},"end":{"line":131,"column":34}},{"start":{"line":131,"column":38},"end":{"line":131,"column":54}}]},"13":{"loc":{"start":{"line":149,"column":10},"end":{"line":151,"column":11}},"type":"if","locations":[{"start":{"line":149,"column":10},"end":{"line":151,"column":11}}]},"14":{"loc":{"start":{"line":154,"column":10},"end":{"line":156,"column":11}},"type":"if","locations":[{"start":{"line":154,"column":10},"end":{"line":156,"column":11}}]},"15":{"loc":{"start":{"line":162,"column":6},"end":{"line":172,"column":7}},"type":"if","locations":[{"start":{"line":162,"column":6},"end":{"line":172,"column":7}}]}},"s":{"0":2,"1":2,"2":2,"3":22,"4":22,"5":22,"6":22,"7":1,"8":21,"9":1,"10":20,"11":20,"12":1,"13":19,"14":19,"15":19,"16":19,"17":18,"18":2,"19":2,"20":1,"21":1,"22":1,"23":1,"24":16,"25":16,"26":16,"27":16,"28":0,"29":0,"30":16,"31":16,"32":14,"33":1,"34":13,"35":13,"36":13,"37":6,"38":3,"39":7,"40":3,"41":1,"42":4,"43":3,"44":1,"45":16,"46":10,"47":10,"48":10,"49":0,"50":0,"51":0,"52":10,"53":16,"54":11,"55":4,"56":4,"57":0,"58":0,"59":4,"60":16,"61":1,"62":1},"f":{"0":22,"1":22,"2":14,"3":3,"4":1,"5":1,"6":10,"7":10,"8":0,"9":4,"10":4,"11":0},"b":{"0":[1],"1":[1],"2":[1],"3":[19,18],"4":[2],"5":[1],"6":[0],"7":[1],"8":[6,7],"9":[13,13],"10":[3,4],"11":[3],"12":[4,3],"13":[10],"14":[0],"15":[11]}}
}
