TN:
SF:src/middleware/idempotency.ts
FN:9,idempotencyMiddleware
FN:12,(anonymous_1)
FN:104,(anonymous_2)
FN:120,(anonymous_3)
FN:126,(anonymous_4)
FN:140,(anonymous_5)
FN:147,(anonymous_6)
FN:148,(anonymous_7)
FN:152,(anonymous_8)
FN:163,(anonymous_9)
FN:164,(anonymous_10)
FN:166,(anonymous_11)
FNF:12
FNH:10
FNDA:22,idempotencyMiddleware
FNDA:22,(anonymous_1)
FNDA:14,(anonymous_2)
FNDA:3,(anonymous_3)
FNDA:1,(anonymous_4)
FNDA:1,(anonymous_5)
FNDA:10,(anonymous_6)
FNDA:10,(anonymous_7)
FNDA:0,(anonymous_8)
FNDA:4,(anonymous_9)
FNDA:4,(anonymous_10)
FNDA:0,(anonymous_11)
DA:2,2
DA:3,2
DA:9,2
DA:10,22
DA:12,22
DA:13,22
DA:16,22
DA:17,1
DA:25,21
DA:26,1
DA:34,20
DA:36,20
DA:37,1
DA:44,19
DA:45,19
DA:47,19
DA:49,19
DA:51,18
DA:52,2
DA:55,2
DA:56,1
DA:63,1
DA:71,1
DA:78,1
DA:82,16
DA:93,16
DA:94,16
DA:96,16
DA:98,0
DA:99,0
DA:102,16
DA:104,16
DA:105,14
DA:106,13
DA:108,13
DA:111,13
DA:112,6
DA:121,3
DA:125,7
DA:126,3
DA:127,1
DA:131,4
DA:132,3
DA:141,1
DA:147,16
DA:148,10
DA:149,10
DA:150,10
DA:153,0
DA:154,0
DA:155,0
DA:158,10
DA:162,16
DA:163,11
DA:164,4
DA:165,4
DA:167,0
DA:168,0
DA:170,4
DA:174,16
DA:177,1
DA:179,1
LF:62
LH:55
BRDA:16,0,0,1
BRDA:25,1,0,1
BRDA:36,2,0,1
BRDA:44,3,0,19
BRDA:44,3,1,18
BRDA:51,4,0,2
BRDA:55,5,0,1
BRDA:96,6,0,0
BRDA:105,7,0,1
BRDA:111,8,0,6
BRDA:111,8,1,7
BRDA:111,9,0,13
BRDA:111,9,1,13
BRDA:125,10,0,3
BRDA:125,10,1,4
BRDA:131,11,0,3
BRDA:131,12,0,4
BRDA:131,12,1,3
BRDA:149,13,0,10
BRDA:154,14,0,0
BRDA:162,15,0,11
BRF:21
BRH:19
end_of_record
